  Source.cpp
C:\Users\user\source\repos\25.03\25.03\Source.cpp(17,16): error C2535: 'LivingOrganism::LivingOrganism(std::string)': member function already defined or declared
C:\Users\user\source\repos\25.03\25.03\Source.cpp(16): message : see declaration of 'LivingOrganism::LivingOrganism'
C:\Users\user\source\repos\25.03\25.03\Source.cpp(18,16): error C2535: 'LivingOrganism::LivingOrganism(std::string)': member function already defined or declared
C:\Users\user\source\repos\25.03\25.03\Source.cpp(16): message : see declaration of 'LivingOrganism::LivingOrganism'
C:\Users\user\source\repos\25.03\25.03\Source.cpp(32,7): error C2535: 'Plant::Plant(std::string)': member function already defined or declared
C:\Users\user\source\repos\25.03\25.03\Source.cpp(31): message : see declaration of 'Plant::Plant'
C:\Users\user\source\repos\25.03\25.03\Source.cpp(33,7): error C2535: 'Plant::Plant(std::string)': member function already defined or declared
C:\Users\user\source\repos\25.03\25.03\Source.cpp(31): message : see declaration of 'Plant::Plant'
C:\Users\user\source\repos\25.03\25.03\Source.cpp(34,7): error C2535: 'Plant::Plant(std::string)': member function already defined or declared
C:\Users\user\source\repos\25.03\25.03\Source.cpp(31): message : see declaration of 'Plant::Plant'
C:\Users\user\source\repos\25.03\25.03\Source.cpp(31,36): error C2512: 'LivingOrganism': no appropriate default constructor available
C:\Users\user\source\repos\25.03\25.03\Source.cpp(8,7): message : see declaration of 'LivingOrganism'
C:\Users\user\source\repos\25.03\25.03\Source.cpp(46,8): error C2535: 'Animal::Animal(std::string)': member function already defined or declared
C:\Users\user\source\repos\25.03\25.03\Source.cpp(45): message : see declaration of 'Animal::Animal'
C:\Users\user\source\repos\25.03\25.03\Source.cpp(47,8): error C2535: 'Animal::Animal(std::string)': member function already defined or declared
C:\Users\user\source\repos\25.03\25.03\Source.cpp(45): message : see declaration of 'Animal::Animal'
C:\Users\user\source\repos\25.03\25.03\Source.cpp(48,8): error C2535: 'Animal::Animal(std::string)': member function already defined or declared
C:\Users\user\source\repos\25.03\25.03\Source.cpp(45): message : see declaration of 'Animal::Animal'
C:\Users\user\source\repos\25.03\25.03\Source.cpp(45,46): error C2512: 'LivingOrganism': no appropriate default constructor available
C:\Users\user\source\repos\25.03\25.03\Source.cpp(8,7): message : see declaration of 'LivingOrganism'
C:\Users\user\source\repos\25.03\25.03\Source.cpp(59,7): error C2535: 'Trees::Trees(std::string)': member function already defined or declared
C:\Users\user\source\repos\25.03\25.03\Source.cpp(58): message : see declaration of 'Trees::Trees'
C:\Users\user\source\repos\25.03\25.03\Source.cpp(60,7): error C2535: 'Trees::Trees(std::string)': member function already defined or declared
C:\Users\user\source\repos\25.03\25.03\Source.cpp(58): message : see declaration of 'Trees::Trees'
C:\Users\user\source\repos\25.03\25.03\Source.cpp(61,7): error C2535: 'Trees::Trees(std::string)': member function already defined or declared
C:\Users\user\source\repos\25.03\25.03\Source.cpp(58): message : see declaration of 'Trees::Trees'
C:\Users\user\source\repos\25.03\25.03\Source.cpp(77,6): error C2535: 'Moss::Moss(std::string)': member function already defined or declared
C:\Users\user\source\repos\25.03\25.03\Source.cpp(76): message : see declaration of 'Moss::Moss'
C:\Users\user\source\repos\25.03\25.03\Source.cpp(78,6): error C2535: 'Moss::Moss(std::string)': member function already defined or declared
C:\Users\user\source\repos\25.03\25.03\Source.cpp(76): message : see declaration of 'Moss::Moss'
C:\Users\user\source\repos\25.03\25.03\Source.cpp(79,6): error C2535: 'Moss::Moss(std::string)': member function already defined or declared
C:\Users\user\source\repos\25.03\25.03\Source.cpp(76): message : see declaration of 'Moss::Moss'
C:\Users\user\source\repos\25.03\25.03\Source.cpp(95,7): error C2535: 'Birds::Birds(std::string)': member function already defined or declared
C:\Users\user\source\repos\25.03\25.03\Source.cpp(94): message : see declaration of 'Birds::Birds'
C:\Users\user\source\repos\25.03\25.03\Source.cpp(96,7): error C2535: 'Birds::Birds(std::string)': member function already defined or declared
C:\Users\user\source\repos\25.03\25.03\Source.cpp(94): message : see declaration of 'Birds::Birds'
C:\Users\user\source\repos\25.03\25.03\Source.cpp(97,7): error C2535: 'Birds::Birds(std::string)': member function already defined or declared
C:\Users\user\source\repos\25.03\25.03\Source.cpp(94): message : see declaration of 'Birds::Birds'
C:\Users\user\source\repos\25.03\25.03\Source.cpp(113,9): error C2535: 'Insects::Insects(std::string)': member function already defined or declared
C:\Users\user\source\repos\25.03\25.03\Source.cpp(112): message : see declaration of 'Insects::Insects'
C:\Users\user\source\repos\25.03\25.03\Source.cpp(114,9): error C2535: 'Insects::Insects(std::string)': member function already defined or declared
C:\Users\user\source\repos\25.03\25.03\Source.cpp(112): message : see declaration of 'Insects::Insects'
C:\Users\user\source\repos\25.03\25.03\Source.cpp(115,9): error C2535: 'Insects::Insects(std::string)': member function already defined or declared
C:\Users\user\source\repos\25.03\25.03\Source.cpp(112): message : see declaration of 'Insects::Insects'
  Source1.cpp
  Generating Code...
